1774269479.212887 client started (87994): version 3.6a, socket /private/tmp/tmux-501/default, protocol 8
1774269479.212941 on Darwin 25.3.0 Darwin Kernel Version 25.3.0: Wed Jan 28 20:54:46 PST 2026; root:xnu-12377.91.3~2/RELEASE_ARM64_T6000
1774269479.212951 using libevent 2.1.12-stable select
1774269479.213120 using utf8proc 2.11.3
1774269479.213129 using ncurses 6.5 20240427
1774269479.213142 flags are 0x18010000
1774269479.213148 socket is /private/tmp/tmux-501/default
1774269479.213157 trying connect
1774269479.213172 connect failed: No such file or directory
1774269479.213184 lock file is /private/tmp/tmux-501/default.lock
1774269479.213279 flock succeeded
1774269479.213286 got lock (6)
1774269479.213293 trying connect
1774269479.213301 connect failed: No such file or directory
1774269479.214055 add peer 0x100dbde20: 7 (0x0)
1774269479.216465 sending message 111 to peer 0x100dbde20 (8 bytes)
1774269479.216478 sending message 111 to peer 0x100dbde20 (8 bytes)
1774269479.216486 sending message 101 to peer 0x100dbde20 (14 bytes)
1774269479.216492 sending message 109 to peer 0x100dbde20 (4 bytes)
1774269479.216499 sending message 102 to peer 0x100dbde20 (13 bytes)
1774269479.216506 sending message 108 to peer 0x100dbde20 (42 bytes)
1774269479.216512 sending message 112 to peer 0x100dbde20 (70 bytes)
1774269479.216518 sending message 112 to peer 0x100dbde20 (5 bytes)
1774269479.216524 sending message 112 to peer 0x100dbde20 (5 bytes)
1774269479.216533 sending message 112 to peer 0x100dbde20 (6 bytes)
1774269479.216540 sending message 112 to peer 0x100dbde20 (6 bytes)
1774269479.216546 sending message 112 to peer 0x100dbde20 (11 bytes)
1774269479.216552 sending message 112 to peer 0x100dbde20 (10 bytes)
1774269479.216558 sending message 112 to peer 0x100dbde20 (13 bytes)
1774269479.216564 sending message 112 to peer 0x100dbde20 (14 bytes)
1774269479.216569 sending message 112 to peer 0x100dbde20 (9 bytes)
1774269479.216575 sending message 112 to peer 0x100dbde20 (21 bytes)
1774269479.216581 sending message 112 to peer 0x100dbde20 (19 bytes)
1774269479.216586 sending message 112 to peer 0x100dbde20 (11 bytes)
1774269479.216592 sending message 112 to peer 0x100dbde20 (21 bytes)
1774269479.216598 sending message 112 to peer 0x100dbde20 (13 bytes)
1774269479.216603 sending message 112 to peer 0x100dbde20 (7 bytes)
1774269479.216608 sending message 112 to peer 0x100dbde20 (13 bytes)
1774269479.216617 sending message 112 to peer 0x100dbde20 (7 bytes)
1774269479.216623 sending message 112 to peer 0x100dbde20 (13 bytes)
1774269479.216629 sending message 112 to peer 0x100dbde20 (9 bytes)
1774269479.216635 sending message 112 to peer 0x100dbde20 (21 bytes)
1774269479.216641 sending message 112 to peer 0x100dbde20 (13 bytes)
1774269479.216646 sending message 112 to peer 0x100dbde20 (9 bytes)
1774269479.216651 sending message 112 to peer 0x100dbde20 (16 bytes)
1774269479.216656 sending message 112 to peer 0x100dbde20 (13 bytes)
1774269479.216662 sending message 112 to peer 0x100dbde20 (9 bytes)
1774269479.216668 sending message 112 to peer 0x100dbde20 (9 bytes)
1774269479.216674 sending message 112 to peer 0x100dbde20 (12 bytes)
1774269479.216679 sending message 112 to peer 0x100dbde20 (8 bytes)
1774269479.216685 sending message 112 to peer 0x100dbde20 (12 bytes)
1774269479.216691 sending message 112 to peer 0x100dbde20 (8 bytes)
1774269479.216696 sending message 112 to peer 0x100dbde20 (13 bytes)
1774269479.216702 sending message 112 to peer 0x100dbde20 (7 bytes)
1774269479.216708 sending message 112 to peer 0x100dbde20 (7 bytes)
1774269479.216713 sending message 112 to peer 0x100dbde20 (9 bytes)
1774269479.216719 sending message 112 to peer 0x100dbde20 (12 bytes)
1774269479.216724 sending message 112 to peer 0x100dbde20 (6 bytes)
1774269479.216730 sending message 112 to peer 0x100dbde20 (9 bytes)
1774269479.216735 sending message 112 to peer 0x100dbde20 (15 bytes)
1774269479.216741 sending message 112 to peer 0x100dbde20 (13 bytes)
1774269479.216747 sending message 112 to peer 0x100dbde20 (9 bytes)
1774269479.216752 sending message 112 to peer 0x100dbde20 (12 bytes)
1774269479.216767 sending message 112 to peer 0x100dbde20 (8 bytes)
1774269479.216771 sending message 112 to peer 0x100dbde20 (14 bytes)
1774269479.216776 sending message 112 to peer 0x100dbde20 (11 bytes)
1774269479.216781 sending message 112 to peer 0x100dbde20 (9 bytes)
1774269479.216785 sending message 112 to peer 0x100dbde20 (10 bytes)
1774269479.216788 sending message 112 to peer 0x100dbde20 (10 bytes)
1774269479.216793 sending message 112 to peer 0x100dbde20 (10 bytes)
1774269479.216798 sending message 112 to peer 0x100dbde20 (10 bytes)
1774269479.216802 sending message 112 to peer 0x100dbde20 (11 bytes)
1774269479.216806 sending message 112 to peer 0x100dbde20 (12 bytes)
1774269479.216810 sending message 112 to peer 0x100dbde20 (12 bytes)
1774269479.216815 sending message 112 to peer 0x100dbde20 (12 bytes)
1774269479.216819 sending message 112 to peer 0x100dbde20 (12 bytes)
1774269479.216823 sending message 112 to peer 0x100dbde20 (12 bytes)
1774269479.216829 sending message 112 to peer 0x100dbde20 (11 bytes)
1774269479.216834 sending message 112 to peer 0x100dbde20 (11 bytes)
1774269479.216839 sending message 112 to peer 0x100dbde20 (12 bytes)
1774269479.216844 sending message 112 to peer 0x100dbde20 (12 bytes)
1774269479.216848 sending message 112 to peer 0x100dbde20 (12 bytes)
1774269479.216852 sending message 112 to peer 0x100dbde20 (12 bytes)
1774269479.216857 sending message 112 to peer 0x100dbde20 (12 bytes)
1774269479.216861 sending message 112 to peer 0x100dbde20 (9 bytes)
1774269479.216865 sending message 112 to peer 0x100dbde20 (12 bytes)
1774269479.216870 sending message 112 to peer 0x100dbde20 (13 bytes)
1774269479.216874 sending message 112 to peer 0x100dbde20 (13 bytes)
1774269479.216880 sending message 112 to peer 0x100dbde20 (13 bytes)
1774269479.216885 sending message 112 to peer 0x100dbde20 (13 bytes)
1774269479.216892 sending message 112 to peer 0x100dbde20 (13 bytes)
1774269479.216899 sending message 112 to peer 0x100dbde20 (8 bytes)
1774269479.216903 sending message 112 to peer 0x100dbde20 (11 bytes)
1774269479.216908 sending message 112 to peer 0x100dbde20 (11 bytes)
1774269479.216913 sending message 112 to peer 0x100dbde20 (11 bytes)
1774269479.216917 sending message 112 to peer 0x100dbde20 (12 bytes)
1774269479.216922 sending message 112 to peer 0x100dbde20 (12 bytes)
1774269479.216926 sending message 112 to peer 0x100dbde20 (12 bytes)
1774269479.216930 sending message 112 to peer 0x100dbde20 (12 bytes)
1774269479.216934 sending message 112 to peer 0x100dbde20 (13 bytes)
1774269479.216938 sending message 112 to peer 0x100dbde20 (13 bytes)
1774269479.216943 sending message 112 to peer 0x100dbde20 (13 bytes)
1774269479.216947 sending message 112 to peer 0x100dbde20 (8 bytes)
1774269479.216951 sending message 112 to peer 0x100dbde20 (13 bytes)
1774269479.216955 sending message 112 to peer 0x100dbde20 (13 bytes)
1774269479.216960 sending message 112 to peer 0x100dbde20 (13 bytes)
1774269479.216964 sending message 112 to peer 0x100dbde20 (13 bytes)
1774269479.216969 sending message 112 to peer 0x100dbde20 (13 bytes)
1774269479.216973 sending message 112 to peer 0x100dbde20 (12 bytes)
1774269479.216978 sending message 112 to peer 0x100dbde20 (12 bytes)
1774269479.216982 sending message 112 to peer 0x100dbde20 (12 bytes)
1774269479.216986 sending message 112 to peer 0x100dbde20 (12 bytes)
1774269479.216991 sending message 112 to peer 0x100dbde20 (13 bytes)
1774269479.216995 sending message 112 to peer 0x100dbde20 (8 bytes)
1774269479.216999 sending message 112 to peer 0x100dbde20 (13 bytes)
1774269479.217003 sending message 112 to peer 0x100dbde20 (13 bytes)
1774269479.217007 sending message 112 to peer 0x100dbde20 (13 bytes)
1774269479.217011 sending message 112 to peer 0x100dbde20 (13 bytes)
1774269479.217016 sending message 112 to peer 0x100dbde20 (13 bytes)
1774269479.217020 sending message 112 to peer 0x100dbde20 (13 bytes)
1774269479.217024 sending message 112 to peer 0x100dbde20 (13 bytes)
1774269479.217028 sending message 112 to peer 0x100dbde20 (12 bytes)
1774269479.217039 sending message 112 to peer 0x100dbde20 (12 bytes)
1774269479.217043 sending message 112 to peer 0x100dbde20 (12 bytes)
1774269479.217047 sending message 112 to peer 0x100dbde20 (8 bytes)
1774269479.217051 sending message 112 to peer 0x100dbde20 (12 bytes)
1774269479.217056 sending message 112 to peer 0x100dbde20 (13 bytes)
1774269479.217061 sending message 112 to peer 0x100dbde20 (13 bytes)
1774269479.217065 sending message 112 to peer 0x100dbde20 (13 bytes)
1774269479.217069 sending message 112 to peer 0x100dbde20 (13 bytes)
1774269479.217074 sending message 112 to peer 0x100dbde20 (13 bytes)
1774269479.217078 sending message 112 to peer 0x100dbde20 (13 bytes)
1774269479.217082 sending message 112 to peer 0x100dbde20 (13 bytes)
1774269479.217086 sending message 112 to peer 0x100dbde20 (13 bytes)
1774269479.217091 sending message 112 to peer 0x100dbde20 (12 bytes)
1774269479.217095 sending message 112 to peer 0x100dbde20 (10 bytes)
1774269479.217100 sending message 112 to peer 0x100dbde20 (12 bytes)
1774269479.217105 sending message 112 to peer 0x100dbde20 (12 bytes)
1774269479.217109 sending message 112 to peer 0x100dbde20 (12 bytes)
1774269479.217114 sending message 112 to peer 0x100dbde20 (13 bytes)
1774269479.217119 sending message 112 to peer 0x100dbde20 (13 bytes)
1774269479.217124 sending message 112 to peer 0x100dbde20 (13 bytes)
1774269479.217128 sending message 112 to peer 0x100dbde20 (13 bytes)
1774269479.217133 sending message 112 to peer 0x100dbde20 (13 bytes)
1774269479.217137 sending message 112 to peer 0x100dbde20 (13 bytes)
1774269479.217142 sending message 112 to peer 0x100dbde20 (13 bytes)
1774269479.217146 sending message 112 to peer 0x100dbde20 (10 bytes)
1774269479.217151 sending message 112 to peer 0x100dbde20 (13 bytes)
1774269479.217155 sending message 112 to peer 0x100dbde20 (12 bytes)
1774269479.217159 sending message 112 to peer 0x100dbde20 (12 bytes)
1774269479.217163 sending message 112 to peer 0x100dbde20 (12 bytes)
1774269479.217168 sending message 112 to peer 0x100dbde20 (10 bytes)
1774269479.217172 sending message 112 to peer 0x100dbde20 (10 bytes)
1774269479.217177 sending message 112 to peer 0x100dbde20 (10 bytes)
1774269479.217182 sending message 112 to peer 0x100dbde20 (12 bytes)
1774269479.217186 sending message 112 to peer 0x100dbde20 (13 bytes)
1774269479.217191 sending message 112 to peer 0x100dbde20 (13 bytes)
1774269479.217195 sending message 112 to peer 0x100dbde20 (13 bytes)
1774269479.217201 sending message 112 to peer 0x100dbde20 (13 bytes)
1774269479.217204 sending message 112 to peer 0x100dbde20 (13 bytes)
1774269479.217207 sending message 112 to peer 0x100dbde20 (10 bytes)
1774269479.217212 sending message 112 to peer 0x100dbde20 (11 bytes)
1774269479.217216 sending message 112 to peer 0x100dbde20 (12 bytes)
1774269479.217220 sending message 112 to peer 0x100dbde20 (12 bytes)
1774269479.217224 sending message 112 to peer 0x100dbde20 (12 bytes)
1774269479.217229 sending message 112 to peer 0x100dbde20 (12 bytes)
1774269479.217233 sending message 112 to peer 0x100dbde20 (12 bytes)
1774269479.217237 sending message 112 to peer 0x100dbde20 (11 bytes)
1774269479.217242 sending message 112 to peer 0x100dbde20 (12 bytes)
1774269479.217246 sending message 112 to peer 0x100dbde20 (12 bytes)
1774269479.217250 sending message 112 to peer 0x100dbde20 (13 bytes)
1774269479.217254 sending message 112 to peer 0x100dbde20 (13 bytes)
1774269479.217259 sending message 112 to peer 0x100dbde20 (13 bytes)
1774269479.217263 sending message 112 to peer 0x100dbde20 (13 bytes)
1774269479.217268 sending message 112 to peer 0x100dbde20 (13 bytes)
1774269479.217272 sending message 112 to peer 0x100dbde20 (10 bytes)
1774269479.217277 sending message 112 to peer 0x100dbde20 (9 bytes)
1774269479.217282 sending message 112 to peer 0x100dbde20 (12 bytes)
1774269479.217287 sending message 112 to peer 0x100dbde20 (13 bytes)
1774269479.217291 sending message 112 to peer 0x100dbde20 (13 bytes)
1774269479.217296 sending message 112 to peer 0x100dbde20 (13 bytes)
1774269479.217301 sending message 112 to peer 0x100dbde20 (13 bytes)
1774269479.217312 sending message 112 to peer 0x100dbde20 (13 bytes)
1774269479.217316 sending message 112 to peer 0x100dbde20 (9 bytes)
1774269479.217319 sending message 112 to peer 0x100dbde20 (12 bytes)
1774269479.217324 sending message 112 to peer 0x100dbde20 (13 bytes)
1774269479.217328 sending message 112 to peer 0x100dbde20 (13 bytes)
1774269479.217332 sending message 112 to peer 0x100dbde20 (13 bytes)
1774269479.217337 sending message 112 to peer 0x100dbde20 (13 bytes)
1774269479.217342 sending message 112 to peer 0x100dbde20 (13 bytes)
1774269479.217347 sending message 112 to peer 0x100dbde20 (11 bytes)
1774269479.217351 sending message 112 to peer 0x100dbde20 (12 bytes)
1774269479.217355 sending message 112 to peer 0x100dbde20 (13 bytes)
1774269479.217359 sending message 112 to peer 0x100dbde20 (13 bytes)
1774269479.217362 sending message 112 to peer 0x100dbde20 (13 bytes)
1774269479.217366 sending message 112 to peer 0x100dbde20 (13 bytes)
1774269479.217370 sending message 112 to peer 0x100dbde20 (13 bytes)
1774269479.217375 sending message 112 to peer 0x100dbde20 (11 bytes)
1774269479.217379 sending message 112 to peer 0x100dbde20 (12 bytes)
1774269479.217383 sending message 112 to peer 0x100dbde20 (12 bytes)
1774269479.217388 sending message 112 to peer 0x100dbde20 (12 bytes)
1774269479.217391 sending message 112 to peer 0x100dbde20 (12 bytes)
1774269479.217394 sending message 112 to peer 0x100dbde20 (12 bytes)
1774269479.217399 sending message 112 to peer 0x100dbde20 (21 bytes)
1774269479.217402 sending message 112 to peer 0x100dbde20 (12 bytes)
1774269479.217406 sending message 112 to peer 0x100dbde20 (9 bytes)
1774269479.217410 sending message 112 to peer 0x100dbde20 (6 bytes)
1774269479.217414 sending message 112 to peer 0x100dbde20 (13 bytes)
1774269479.217419 sending message 112 to peer 0x100dbde20 (10 bytes)
1774269479.217423 sending message 112 to peer 0x100dbde20 (15 bytes)
1774269479.217427 sending message 112 to peer 0x100dbde20 (13 bytes)
1774269479.217431 sending message 112 to peer 0x100dbde20 (9 bytes)
1774269479.217435 sending message 112 to peer 0x100dbde20 (70 bytes)
1774269479.217440 sending message 112 to peer 0x100dbde20 (69 bytes)
1774269479.217444 sending message 112 to peer 0x100dbde20 (34 bytes)
1774269479.217448 sending message 112 to peer 0x100dbde20 (34 bytes)
1774269479.217453 sending message 112 to peer 0x100dbde20 (70 bytes)
1774269479.217457 sending message 112 to peer 0x100dbde20 (12 bytes)
1774269479.217461 sending message 112 to peer 0x100dbde20 (10 bytes)
1774269479.217465 sending message 112 to peer 0x100dbde20 (10 bytes)
1774269479.217470 sending message 112 to peer 0x100dbde20 (15 bytes)
1774269479.217474 sending message 112 to peer 0x100dbde20 (13 bytes)
1774269479.217478 sending message 112 to peer 0x100dbde20 (10 bytes)
1774269479.217483 sending message 112 to peer 0x100dbde20 (10 bytes)
1774269479.217487 sending message 112 to peer 0x100dbde20 (17 bytes)
1774269479.217492 sending message 112 to peer 0x100dbde20 (10 bytes)
1774269479.217496 sending message 112 to peer 0x100dbde20 (13 bytes)
1774269479.217501 sending message 112 to peer 0x100dbde20 (32 bytes)
1774269479.217505 sending message 112 to peer 0x100dbde20 (5 bytes)
1774269479.217509 sending message 112 to peer 0x100dbde20 (9 bytes)
1774269479.217514 sending message 112 to peer 0x100dbde20 (15 bytes)
1774269479.217518 sending message 112 to peer 0x100dbde20 (5 bytes)
1774269479.217523 sending message 104 to peer 0x100dbde20 (0 bytes)
1774269479.217528 sending message 110 to peer 0x100dbde20 (0 bytes)
1774269479.217532 sending message 107 to peer 0x100dbde20 (4 bytes)
1774269479.217537 sending message 105 to peer 0x100dbde20 (164 bytes)
1774269479.217541 sending message 105 to peer 0x100dbde20 (75 bytes)
1774269479.217546 sending message 105 to peer 0x100dbde20 (21 bytes)
1774269479.217551 sending message 105 to peer 0x100dbde20 (19 bytes)
1774269479.217556 sending message 105 to peer 0x100dbde20 (15 bytes)
1774269479.217561 sending message 105 to peer 0x100dbde20 (57 bytes)
1774269479.217572 sending message 105 to peer 0x100dbde20 (27 bytes)
1774269479.217577 sending message 105 to peer 0x100dbde20 (18 bytes)
1774269479.217581 sending message 105 to peer 0x100dbde20 (22 bytes)
1774269479.217585 sending message 105 to peer 0x100dbde20 (66 bytes)
1774269479.217590 sending message 105 to peer 0x100dbde20 (32 bytes)
1774269479.217594 sending message 105 to peer 0x100dbde20 (863 bytes)
1774269479.217599 sending message 105 to peer 0x100dbde20 (47 bytes)
1774269479.217604 sending message 105 to peer 0x100dbde20 (43 bytes)
1774269479.217609 sending message 105 to peer 0x100dbde20 (46 bytes)
1774269479.217613 sending message 105 to peer 0x100dbde20 (17 bytes)
1774269479.217617 sending message 105 to peer 0x100dbde20 (14 bytes)
1774269479.217622 sending message 105 to peer 0x100dbde20 (19 bytes)
1774269479.217626 sending message 105 to peer 0x100dbde20 (8 bytes)
1774269479.217630 sending message 105 to peer 0x100dbde20 (25 bytes)
1774269479.217635 sending message 105 to peer 0x100dbde20 (63 bytes)
1774269479.217640 sending message 105 to peer 0x100dbde20 (21 bytes)
1774269479.217645 sending message 105 to peer 0x100dbde20 (98 bytes)
1774269479.217651 sending message 105 to peer 0x100dbde20 (57 bytes)
1774269479.217658 sending message 105 to peer 0x100dbde20 (18 bytes)
1774269479.217663 sending message 105 to peer 0x100dbde20 (20 bytes)
1774269479.217672 sending message 105 to peer 0x100dbde20 (45 bytes)
1774269479.217680 sending message 105 to peer 0x100dbde20 (30 bytes)
1774269479.217685 sending message 105 to peer 0x100dbde20 (37 bytes)
1774269479.217689 sending message 105 to peer 0x100dbde20 (34 bytes)
1774269479.217694 sending message 105 to peer 0x100dbde20 (35 bytes)
1774269479.217698 sending message 105 to peer 0x100dbde20 (12 bytes)
1774269479.217702 sending message 105 to peer 0x100dbde20 (22 bytes)
1774269479.217707 sending message 105 to peer 0x100dbde20 (35 bytes)
1774269479.217710 sending message 105 to peer 0x100dbde20 (11 bytes)
1774269479.217714 sending message 105 to peer 0x100dbde20 (8 bytes)
1774269479.217718 sending message 105 to peer 0x100dbde20 (32 bytes)
1774269479.217721 sending message 105 to peer 0x100dbde20 (96 bytes)
1774269479.217725 sending message 105 to peer 0x100dbde20 (10 bytes)
1774269479.217729 sending message 105 to peer 0x100dbde20 (26 bytes)
1774269479.217733 sending message 105 to peer 0x100dbde20 (33 bytes)
1774269479.217737 sending message 105 to peer 0x100dbde20 (16 bytes)
1774269479.217742 sending message 105 to peer 0x100dbde20 (60 bytes)
1774269479.217746 sending message 105 to peer 0x100dbde20 (69 bytes)
1774269479.217751 sending message 105 to peer 0x100dbde20 (37 bytes)
1774269479.217755 sending message 105 to peer 0x100dbde20 (19 bytes)
1774269479.217759 sending message 105 to peer 0x100dbde20 (25 bytes)
1774269479.217764 sending message 106 to peer 0x100dbde20 (0 bytes)
1774269479.266356 sending message 200 to peer 0x100dbde20 (4 bytes)
1774269479.266370 client loop enter
1774269479.266398 client_signal: Child exited: 20
1774269479.281361 peer 0x100dbde20 message 207
1774269479.281369 sending message 208 to peer 0x100dbde20 (0 bytes)
1774269555.452462 peer 0x100dbde20 message 203
1774269555.452487 sending message 205 to peer 0x100dbde20 (0 bytes)
1774269555.452666 peer 0x100dbde20 message 204
1774269555.452673 client loop exit
